********************************************************************************
PACKAGE-LOG: 2015-11-04 10:33:51
NOTICE: Do NOT post to public sites or forums 
********************************************************************************
VERSION:	0.5.34
WORDPRESS:	4.2.5
PHP INFO:	5.5.15 | SAPI: apache2handler
SERVER:		Apache/2.4.10 (Win32) OpenSSL/1.0.1i PHP/5.5.15 
PHP TIME LIMIT: (0) no time limit imposed 
PHP MAX MEMORY: 5000M (128M default) 
MEMORY STACK: 14.75MB 

********************************************************************************
DATABASE:
********************************************************************************
BUILD MODE:   PHP(query limit - 100)
MYSQLTIMEOUT: 5000
MYSQLDUMP:    Is Supported 
TABLES: total:12 | filtered:0 | create:12 
FILTERED: [] 
SQL CREATED: 20151104_ultimumtraders_5639defecdfd54834151104103334_database.sql 
file size:492303 
SQL FILE SIZE: 480.76KB 
SQL FILE TIME: 2015-11-04 10:33:52 
SQL RUNTIME: 0.43 sec. 

******************************************************************************** 
ARCHIVE (ZIP): 
******************************************************************************** 
ARCHIVE DIR:  C:/xampp/htdocs/ultimum 
ARCHIVE FILE: 20151104_ultimumtraders_5639defecdfd54834151104103334_archive.zip 
FILTERS: *OFF* 
DIRS:  not set 
EXTS:  not set 
---------------------------------------- 
COMPRESSING 
SIZE:	49.91MB 
STATS:	Dirs 168 | Files 1,426 
SQL ADDED: 20151104_ultimumtraders_5639defecdfd54834151104103334_database.sql 
ZipArchive Object
(
    [status] => 0
    [statusSys] => 0
    [numFiles] => 1594
    [filename] => C:\xampp\htdocs\ultimum\wp-snapshots\tmp\20151104_ultimumtraders_5639defecdfd54834151104103334_archive.zip
    [comment] => 
)
 
COMPRESSION RESULT: '1' 
COMPRESSED SIZE: 33.76MB 
ARCHIVE RUNTIME: 22.39 sec. 
MEMORY STACK: 15.25MB 

******************************************************************************** 
MAKE INSTALLER: 
******************************************************************************** 
Build Start 
Build Finished 
Preping for use 
Template parsed with new data 
Complete [C:/xampp/htdocs/ultimum/wp-snapshots/tmp/20151104_ultimumtraders_5639defecdfd54834151104103334_installer.php] 
Added to archive 

******************************************************************************** 
INTEGRITY CHECKS: 
******************************************************************************** 
SQL File: 480.76KB 
Installer File: 317.98KB 
Archive File: 33.76MB  

********************************************************************************
RECORD ID:[1]
TOTAL PROCESS RUNTIME: 24.39 sec.
PEAK PHP MEMORY USED: 17.75MB
DONE PROCESSING => 20151104_ultimumtraders 2015-11-04 10:34:15
 
